Arguments: 
  C:\Program Files\nodejs\node.exe C:\Program Files (x86)\Yarn\bin\yarn.js install

PATH: 
  C:\Program Files (x86)\Common Files\Oracle\Java\javapath;C:\Windows\system32;C:\Windows;C:\Windows\System32\Wbem;C:\Windows\System32\WindowsPowerShell\v1.0\;C:\Windows\System32\OpenSSH\;C:\Program Files\Git\cmd;C:\Program Files (x86)\Yarn\bin\;C:\Program Files\Redis\;C:\Program Files\dotnet\;C:\Program Files\Microsoft SQL Server\130\Tools\Binn\;C:\Program Files\Microsoft SQL Server\Client SDK\ODBC\170\Tools\Binn\;C:\Program Files (x86)\Java\jdk1.8.0_181\bin;C:\Program Files (x86)\Java\jre1.8.0_181\bin;C:\Users\D\AppData\Local\Android\Sdk\platform-tools;C:\Program Files\nodejs\;C:\Users\D\AppData\Local\Programs\Python\Python38\Scripts\;C:\Users\D\AppData\Local\Programs\Python\Python38\;C:\Users\D\AppData\Local\Microsoft\WindowsApps;C:\Users\D\AppData\Local\Programs\Microsoft VS Code\bin;C:\Users\D\AppData\Roaming\Dashlane\4.6.8.25848\bin\Firefox_Extension\{442718d9-475e-452a-b3e1-fb1ee16b8e9f}\components;C:\Users\D\AppData\Local\Yarn\bin;C:\Program Files\heroku\bin;C:\Users\D\.dotnet\tools;C:\Users\D\AppData\Roaming\npm;C:\Users\D\AppData\Local\Keybase\

Yarn version: 
  1.22.4

Node version: 
  12.18.3

Platform: 
  win32 x64

Trace: 
  Error: write ECONNABORTED
      at WriteWrap.onWriteComplete [as oncomplete] (internal/stream_base_commons.js:92:16)
      at handleWriteReq (internal/stream_base_commons.js:58:21)
      at writeGeneric (internal/stream_base_commons.js:143:15)
      at TLSSocket.Socket._writeGeneric (net.js:786:11)
      at TLSSocket.Socket._write (net.js:798:8)
      at doWrite (_stream_writable.js:403:12)
      at clearBuffer (_stream_writable.js:542:7)
      at TLSSocket.Writable.uncork (_stream_writable.js:338:7)
      at ClientRequest._flushOutput (_http_outgoing.js:854:10)
      at ClientRequest._flush (_http_outgoing.js:823:22)

npm manifest: 
  {
    "name": "django-react-boilerplate",
    "version": "0.3.0",
    "private": true,
    "dependencies": {
      "@fortawesome/fontawesome-svg-core": "^1.2.28",
      "@fortawesome/free-solid-svg-icons": "^5.13.0",
      "@fortawesome/react-fontawesome": "^0.1.9",
      "@material-ui/core": "^4.9.13",
      "@material-ui/icons": "^4.9.1",
      "antd": "^4.2.2",
      "axios": "^0.19.0",
      "babel-plugin-import": "^1.11.2",
      "chart.js": "^2.9.3",
      "customize-cra": "^0.2.12",
      "less": "^3.9.0",
      "less-loader": "^5.0.0",
      "prop-types": "^15.7.2",
      "react": "^16.8.6",
      "react-app-rewire-less": "^2.1.3",
      "react-app-rewired": "^2.1.3",
      "react-chartjs-2": "^2.9.0",
      "react-dom": "^16.8.6",
      "react-owl-carousel": "^2.3.1",
      "react-paystack": "^2.0.2",
      "react-redux": "^7.1.0",
      "react-router-dom": "^5.0.1",
      "react-scripts": "^3.0.1",
      "redux": "^4.0.1",
      "redux-form": "^8.3.5",
      "redux-thunk": "^2.3.0",
      "semantic-ui-react": "^0.88.2",
      "tailwindcss": "^1.4.5"
    },
    "scripts": {
      "start": "npm run watch:css && react-scripts start",
      "build": "npm run build:css && react-scripts build",
      "test": "react-scripts test",
      "eject": "react-scripts eject",
      "build:css": "postcss src/assets/tailwind.css -o src/assets/main.css",
      "watch:css": "postcss src/assets/tailwind.css -o src/assets/main.css",
      "postinstall": "npm run build"
    },
    "browserslist": {
      "production": [
        ">0.2%",
        "not dead",
        "not op_mini all"
      ],
      "development": [
        "last 1 chrome version",
        "last 1 firefox version",
        "last 1 safari version"
      ]
    },
    "devDependencies": {
      "autoprefixer": "^9.7.6",
      "postcss-cli": "^7.1.1"
    }
  }

yarn manifest: 
  No manifest

Lockfile: 
  No lockfile
